[  8%] [34m[1mAutomatic MOC for target main_interface_exec[0m
[  8%] [34m[1mAutomatic MOC for target plot_interface_exec[0m
[ 12%] [34m[1mAutomatic MOC for target arussim_exec[0m
[ 16%] [34m[1mAutomatic MOC for target sensors_exec[0m
[ 20%] [34m[1mAutomatic MOC for target supervisor_exec[0m
[ 20%] Built target main_interface_exec_autogen
[ 20%] Built target plot_interface_exec_autogen
[ 20%] Built target sensors_exec_autogen
[ 20%] Built target arussim_exec_autogen
[ 20%] Built target supervisor_exec_autogen
[35m[1mConsolidate compiler generated dependencies of target arussim_exec[0m
[ 40%] Built target main_interface_exec
[ 60%] Built target plot_interface_exec
[ 72%] Built target sensors_exec
[ 84%] Built target supervisor_exec
[ 88%] [32m[1mLinking CXX executable arussim_exec[0m
/usr/bin/ld: CMakeFiles/arussim_exec.dir/src/arussim_node.cpp.o: en la funci√≥n `Simulator::Simulator()':
arussim_node.cpp:(.text+0x3374): referencia a `Simulator::on_controller_sim_timer()' sin definir
collect2: error: ld returned 1 exit status
gmake[2]: *** [CMakeFiles/arussim_exec.dir/build.make:373: arussim_exec] Error 1
gmake[1]: *** [CMakeFiles/Makefile2:202: CMakeFiles/arussim_exec.dir/all] Error 2
gmake: *** [Makefile:146: all] Error 2
