[0.016s] Invoking command in '/home/josedag31/Arus/ws/src/ARUSSim/build/arussim': AMENT_PREFIX_PATH=/home/josedag31/Arus/ws/src/ARUSSim/install/arussim_msgs:${AMENT_PREFIX_PATH} CMAKE_PREFIX_PATH=/home/josedag31/Arus/ws/src/ARUSSim/install/arussim_msgs:/home/josedag31/Arus/ws/install/visualization:/home/josedag31/Arus/ws/install/trajectory_optimization:/home/josedag31/Arus/ws/install/skidpad_planning:/home/josedag31/Arus/ws/install/perception:/home/josedag31/Arus/ws/install/path_planning:/home/josedag31/Arus/ws/install/inspection_control:/home/josedag31/Arus/ws/install/icp_slam:/home/josedag31/Arus/ws/install/graph_slam:/home/josedag31/Arus/ws/install/epos_interface:/home/josedag31/Arus/ws/install/controller:/home/josedag31/Arus/ws/install/car_state:/home/josedag31/Arus/ws/install/common_msgs:/home/josedag31/Arus/ws/install/common_meta:/home/josedag31/Arus/ws/install/can_interface:/home/josedag31/Arus/ws/install/automatic_simulations:/home/josedag31/Arus/ws/install/arussim_msgs:/home/josedag31/Arus/ws/install/arussim_interface:/home/josedag31/Arus/ws/install/arussim:/home/josedag31/Arus/ws/install/acc_planning:/opt/ros/humble LD_LIBRARY_PATH=/home/josedag31/Arus/ws/src/ARUSSim/install/arussim_msgs/lib:${LD_LIBRARY_PATH} PYTHONPATH=/home/josedag31/Arus/ws/src/ARUSSim/install/arussim_msgs/local/lib/python3.10/dist-packages:${PYTHONPATH} /usr/bin/cmake --build /home/josedag31/Arus/ws/src/ARUSSim/build/arussim -- -j8 -l8
[0.108s] [  8%] [34m[1mAutomatic MOC for target main_interface_exec[0m
[0.108s] [  8%] [34m[1mAutomatic MOC for target plot_interface_exec[0m
[0.110s] [ 12%] [34m[1mAutomatic MOC for target arussim_exec[0m
[0.113s] [ 16%] [34m[1mAutomatic MOC for target sensors_exec[0m
[0.124s] [ 20%] [34m[1mAutomatic MOC for target supervisor_exec[0m
[0.142s] [ 20%] Built target main_interface_exec_autogen
[0.145s] [ 20%] Built target plot_interface_exec_autogen
[0.153s] [ 20%] Built target sensors_exec_autogen
[0.153s] [ 20%] Built target arussim_exec_autogen
[0.161s] [ 20%] Built target supervisor_exec_autogen
[0.183s] [35m[1mConsolidate compiler generated dependencies of target arussim_exec[0m
[0.203s] [ 40%] Built target main_interface_exec
[0.203s] [ 60%] Built target plot_interface_exec
[0.206s] [ 72%] Built target sensors_exec
[0.206s] [ 84%] Built target supervisor_exec
[0.233s] [ 88%] [32m[1mLinking CXX executable arussim_exec[0m
[3.133s] /usr/bin/ld: CMakeFiles/arussim_exec.dir/src/arussim_node.cpp.o: en la funci√≥n `Simulator::Simulator()':
[3.134s] arussim_node.cpp:(.text+0x3374): referencia a `Simulator::on_controller_sim_timer()' sin definir
[3.308s] collect2: error: ld returned 1 exit status
[3.310s] gmake[2]: *** [CMakeFiles/arussim_exec.dir/build.make:373: arussim_exec] Error 1
[3.311s] gmake[1]: *** [CMakeFiles/Makefile2:202: CMakeFiles/arussim_exec.dir/all] Error 2
[3.312s] gmake: *** [Makefile:146: all] Error 2
[3.317s] Invoked command in '/home/josedag31/Arus/ws/src/ARUSSim/build/arussim' returned '2': AMENT_PREFIX_PATH=/home/josedag31/Arus/ws/src/ARUSSim/install/arussim_msgs:${AMENT_PREFIX_PATH} CMAKE_PREFIX_PATH=/home/josedag31/Arus/ws/src/ARUSSim/install/arussim_msgs:/home/josedag31/Arus/ws/install/visualization:/home/josedag31/Arus/ws/install/trajectory_optimization:/home/josedag31/Arus/ws/install/skidpad_planning:/home/josedag31/Arus/ws/install/perception:/home/josedag31/Arus/ws/install/path_planning:/home/josedag31/Arus/ws/install/inspection_control:/home/josedag31/Arus/ws/install/icp_slam:/home/josedag31/Arus/ws/install/graph_slam:/home/josedag31/Arus/ws/install/epos_interface:/home/josedag31/Arus/ws/install/controller:/home/josedag31/Arus/ws/install/car_state:/home/josedag31/Arus/ws/install/common_msgs:/home/josedag31/Arus/ws/install/common_meta:/home/josedag31/Arus/ws/install/can_interface:/home/josedag31/Arus/ws/install/automatic_simulations:/home/josedag31/Arus/ws/install/arussim_msgs:/home/josedag31/Arus/ws/install/arussim_interface:/home/josedag31/Arus/ws/install/arussim:/home/josedag31/Arus/ws/install/acc_planning:/opt/ros/humble LD_LIBRARY_PATH=/home/josedag31/Arus/ws/src/ARUSSim/install/arussim_msgs/lib:${LD_LIBRARY_PATH} PYTHONPATH=/home/josedag31/Arus/ws/src/ARUSSim/install/arussim_msgs/local/lib/python3.10/dist-packages:${PYTHONPATH} /usr/bin/cmake --build /home/josedag31/Arus/ws/src/ARUSSim/build/arussim -- -j8 -l8
